f:\source_files\c\chess\chess\debug\chess.pch
f:\source_files\c\chess\chess\debug\vc120.pdb
f:\source_files\c\chess\chess\debug\vc120.idb
f:\source_files\c\chess\chess\debug\stdafx.obj
f:\source_files\c\chess\chess\debug\chess.obj
f:\source_files\c\chess\chess\debug\chessrule.obj
f:\source_files\c\chess\chess\debug\calc.obj
f:\source_files\c\chess\chess\debug\game.obj
f:\source_files\c\chess\chess\debug\bitboard.obj
f:\source_files\c\chess\debug\chess.ilk
f:\source_files\c\chess\debug\chess.exe
f:\source_files\c\chess\debug\chess.pdb
f:\source_files\c\chess\chess\debug\chess.res
f:\source_files\c\chess\chess\debug\chess.tlog\cl.command.1.tlog
f:\source_files\c\chess\chess\debug\chess.tlog\cl.read.1.tlog
f:\source_files\c\chess\chess\debug\chess.tlog\cl.write.1.tlog
f:\source_files\c\chess\chess\debug\chess.tlog\link.command.1.tlog
f:\source_files\c\chess\chess\debug\chess.tlog\link.read.1.tlog
f:\source_files\c\chess\chess\debug\chess.tlog\link.write.1.tlog
f:\source_files\c\chess\chess\debug\chess.tlog\rc.command.1.tlog
f:\source_files\c\chess\chess\debug\chess.tlog\rc.read.1.tlog
f:\source_files\c\chess\chess\debug\chess.tlog\rc.write.1.tlog
