生成启动时间为 2014/9/1 11:17:07。
     1>项目“F:\source_files\c\ChineseChess\Chess\Chess.vcxproj”在节点 2 上(Build 个目标)。
     1>ClCompile:
         F:\Program Files\Visual Studio\VC\bin\CL.exe /c /Zi /nologo /W3 /WX- /sdl /O2 /Oi /Oy- /GL /D WIN32 /D NDEBUG /D _WINDOWS /D _UNICODE /D UNICODE /Gm- /EHsc /MT /GS /Gy /fp:precise /Zc:wchar_t /Zc:forScope /Fo"Release\\" /Fd"Release\vc120.pdb" /Gd /TP /analyze- /errorReport:prompt AI.cpp Chess.cpp Game.cpp
         AI.cpp
         Chess.cpp
         Game.cpp
       Link:
         F:\Program Files\Visual Studio\VC\bin\link.exe /ERRORREPORT:PROMPT /OUT:"F:\source_files\c\ChineseChess\Release\Chess.exe" /INCREMENTAL:NO /NOLOGO kernel32.lib user32.lib gdi32.lib winspool.lib comdlg32.lib advapi32.lib shell32.lib ole32.lib oleaut32.lib uuid.lib odbc32.lib odbccp32.lib /MANIFEST /MANIFESTUAC:"level='asInvoker' uiAccess='false'" /manifest:embed /DEBUG /PDB:"F:\source_files\c\ChineseChess\Release\Chess.pdb" /SUBSYSTEM:WINDOWS /OPT:REF /OPT:ICF /LTCG /TLBID:1 /DYNAMICBASE /NXCOMPAT /IMPLIB:"F:\source_files\c\ChineseChess\Release\Chess.lib" /MACHINE:X86 /SAFESEH Release\Chess.res
         Release\AI.obj
         Release\Chess.obj
         Release\ChessRule.obj
         Release\Game.obj
         Release\stdafx.obj
         Release\Transform.obj
         Release\Zobrist.obj
         正在生成代码
         已完成代码的生成
         Chess.vcxproj -> F:\source_files\c\ChineseChess\Release\Chess.exe
     1>已完成生成项目“F:\source_files\c\ChineseChess\Chess\Chess.vcxproj”(Build 个目标)的操作。

生成成功。

已用时间 00:00:03.71
